app/build/intermediates/manifest_merge_blame_file/release/manifest-merger-blame-release-report.txt
1<?xml version="1.0" encoding="utf-8"?>
2<manifest xmlns:android="http://schemas.android.com/apk/res/android"
3    package="com.example.timemaster"
4    android:versionCode="1"
5    android:versionName="1.0" >
6
7    <uses-sdk
8        android:minSdkVersion="26"
8-->src\main\AndroidManifest.xml
9        android:targetSdkVersion="29" />
9-->src\main\AndroidManifest.xml
10
11    <uses-permission android:name="android.permission.VIBRATE" />
11-->src\main\AndroidManifest.xml:21:5-65
11-->src\main\AndroidManifest.xml:21:22-63
12    <uses-permission android:name="android.permission.MOUNT_UNMOUNT_FILESYSTEMS" />
12-->src\main\AndroidManifest.xml:22:5-83
12-->src\main\AndroidManifest.xml:22:22-81
13    <uses-permission android:name="android.permission.WRITE_EXTERNAL_STORAGE" />
13-->src\main\AndroidManifest.xml:23:5-80
13-->src\main\AndroidManifest.xml:23:22-78
14
15    <application
15-->src\main\AndroidManifest.xml:5:5-20:19
16        android:allowBackup="true"
16-->src\main\AndroidManifest.xml:6:9-35
17        android:appComponentFactory="androidx.core.app.CoreComponentFactory"
17-->[androidx.core:core:1.0.1] AndroidManifest.xml:22:18-86
18        android:icon="@mipmap/ic_time_master2"
18-->src\main\AndroidManifest.xml:7:9-47
19        android:label="@string/app_name"
19-->src\main\AndroidManifest.xml:8:9-41
20        android:persistent="true"
20-->src\main\AndroidManifest.xml:11:9-34
21        android:roundIcon="@mipmap/ic_time_master2"
21-->src\main\AndroidManifest.xml:9:9-52
22        android:supportsRtl="true"
22-->src\main\AndroidManifest.xml:10:9-35
23        android:theme="@style/AppTheme" >
23-->src\main\AndroidManifest.xml:12:9-40
24        <activity android:name="com.example.timemaster.MainActivity" >
24-->src\main\AndroidManifest.xml:13:9-19:20
24-->src\main\AndroidManifest.xml:13:19-47
25            <intent-filter>
25-->src\main\AndroidManifest.xml:14:13-18:29
26                <action android:name="android.intent.action.MAIN" />
26-->src\main\AndroidManifest.xml:15:17-69
26-->src\main\AndroidManifest.xml:15:25-66
27
28                <category android:name="android.intent.category.LAUNCHER" />
28-->src\main\AndroidManifest.xml:17:17-77
28-->src\main\AndroidManifest.xml:17:27-74
29            </intent-filter>
30        </activity>
31    </application>
32
33</manifest>